<?xml version="1.0" encoding="UTF-8"?>
<testng-results skipped="0" failed="0" ignored="0" total="1" passed="1">
  <reporter-output>
  </reporter-output>
  <suite name="Default suite" duration-ms="15825" started-at="2020-05-17T01:50:26 CDT" finished-at="2020-05-17T01:50:42 CDT">
    <groups>
    </groups>
    <test name="Default test" duration-ms="15825" started-at="2020-05-17T01:50:26 CDT" finished-at="2020-05-17T01:50:42 CDT">
      <class name="test.AddAccountTest">
        <test-method status="PASS" signature="addContact()[pri:1, instance:test.AddAccountTest@5e853265]" name="addContact" duration-ms="15771" started-at="2020-05-17T01:50:26 CDT" finished-at="2020-05-17T01:50:42 CDT">
          <reporter-output>
          </reporter-output>
        </test-method> <!-- addContact -->
      </class> <!-- test.AddAccountTest -->
    </test> <!-- Default test -->
  </suite> <!-- Default suite -->
</testng-results>
