<?xml version="1.0" encoding="UTF-8"?>
<testng-results skipped="0" failed="0" ignored="0" total="1" passed="1">
  <reporter-output>
  </reporter-output>
  <suite name="Default suite" duration-ms="16221" started-at="2020-05-23T13:25:05 CDT" finished-at="2020-05-23T13:25:21 CDT">
    <groups>
    </groups>
    <test name="Default test" duration-ms="16221" started-at="2020-05-23T13:25:05 CDT" finished-at="2020-05-23T13:25:21 CDT">
      <class name="test.LoginTest">
        <test-method status="PASS" signature="startUp()[pri:0, instance:test.LoginTest@2d6eabae]" name="startUp" is-config="true" duration-ms="8322" started-at="2020-05-23T13:25:05 CDT" finished-at="2020-05-23T13:25:13 CDT">
          <reporter-output>
          </reporter-output>
        </test-method> <!-- startUp -->
        <test-method status="PASS" signature="loginTest(java.lang.String, java.lang.String)[pri:1, instance:test.LoginTest@2d6eabae]" name="loginTest" duration-ms="7845" started-at="2020-05-23T13:25:13 CDT" finished-at="2020-05-23T13:25:21 CDT">
          <params>
            <param index="0">
              <value>
                <![CDATA[techfiosdemo@gmail.com]]>
              </value>
            </param>
            <param index="1">
              <value>
                <![CDATA[abc123]]>
              </value>
            </param>
          </params>
          <reporter-output>
          </reporter-output>
        </test-method> <!-- loginTest -->
      </class> <!-- test.LoginTest -->
    </test> <!-- Default test -->
  </suite> <!-- Default suite -->
</testng-results>
